0 info it worked if it ends with ok
1 verbose cli [ '/Users/Andrew/.nvm/versions/io.js/v2.1.0/bin/iojs',
1 verbose cli   '/Users/Andrew/.nvm/versions/io.js/v2.1.0/bin/npm',
1 verbose cli   'i',
1 verbose cli   'bower-cli' ]
2 info using npm@2.10.1
3 info using node@v2.1.0
4 verbose install initial load of /Users/Andrew/Developer/fumc/liftoff/package.json
5 verbose readDependencies loading dependencies from /Users/Andrew/Developer/fumc/liftoff/package.json
6 silly cache add args [ 'bower-cli', null ]
7 verbose cache add spec bower-cli
8 silly cache add parsed spec { raw: 'bower-cli',
8 silly cache add   scope: null,
8 silly cache add   name: 'bower-cli',
8 silly cache add   rawSpec: '',
8 silly cache add   spec: '*',
8 silly cache add   type: 'range' }
9 silly addNamed bower-cli@*
10 verbose addNamed "*" is a valid semver range for bower-cli
11 silly addNameRange { name: 'bower-cli', range: '*', hasData: false }
12 silly mapToRegistry name bower-cli
13 silly mapToRegistry using default registry
14 silly mapToRegistry registry https://registry.npmjs.org/
15 silly mapToRegistry uri https://registry.npmjs.org/bower-cli
16 verbose addNameRange registry:https://registry.npmjs.org/bower-cli not in flight; fetching
17 verbose request uri https://registry.npmjs.org/bower-cli
18 verbose request no auth needed
19 info attempt registry request try #1 at 00:12:42
20 verbose request id 6e22cf9b6b44c6b7
21 http request GET https://registry.npmjs.org/bower-cli
22 http 404 https://registry.npmjs.org/bower-cli
23 verbose headers { server: 'CouchDB/1.5.0 (Erlang OTP/R16B03)',
23 verbose headers   'content-type': 'application/json',
23 verbose headers   'cache-control': 'max-age=0',
23 verbose headers   'content-length': '51',
23 verbose headers   'accept-ranges': 'bytes',
23 verbose headers   date: 'Mon, 01 Jun 2015 07:12:27 GMT',
23 verbose headers   via: '1.1 varnish',
23 verbose headers   age: '0',
23 verbose headers   connection: 'keep-alive',
23 verbose headers   'x-served-by': 'cache-lax1429-LAX',
23 verbose headers   'x-cache': 'MISS',
23 verbose headers   'x-cache-hits': '0',
23 verbose headers   'x-timer': 'S1433142746.806589,VS0,VE333' }
24 silly get cb [ 404,
24 silly get   { server: 'CouchDB/1.5.0 (Erlang OTP/R16B03)',
24 silly get     'content-type': 'application/json',
24 silly get     'cache-control': 'max-age=0',
24 silly get     'content-length': '51',
24 silly get     'accept-ranges': 'bytes',
24 silly get     date: 'Mon, 01 Jun 2015 07:12:27 GMT',
24 silly get     via: '1.1 varnish',
24 silly get     age: '0',
24 silly get     connection: 'keep-alive',
24 silly get     'x-served-by': 'cache-lax1429-LAX',
24 silly get     'x-cache': 'MISS',
24 silly get     'x-cache-hits': '0',
24 silly get     'x-timer': 'S1433142746.806589,VS0,VE333' } ]
25 verbose stack Error: 404 Not Found: bower-cli
25 verbose stack     at CachingRegistryClient.<anonymous> (/Users/Andrew/.nvm/versions/io.js/v2.1.0/lib/node_modules/npm/node_modules/npm-registry-client/lib/request.js:245:14)
25 verbose stack     at Request._callback (/Users/Andrew/.nvm/versions/io.js/v2.1.0/lib/node_modules/npm/node_modules/npm-registry-client/lib/request.js:170:14)
25 verbose stack     at Request.self.callback (/Users/Andrew/.nvm/versions/io.js/v2.1.0/lib/node_modules/npm/node_modules/request/request.js:368:22)
25 verbose stack     at emitTwo (events.js:87:13)
25 verbose stack     at Request.emit (events.js:172:7)
25 verbose stack     at Request.<anonymous> (/Users/Andrew/.nvm/versions/io.js/v2.1.0/lib/node_modules/npm/node_modules/request/request.js:1219:14)
25 verbose stack     at emitOne (events.js:82:20)
25 verbose stack     at Request.emit (events.js:169:7)
25 verbose stack     at IncomingMessage.<anonymous> (/Users/Andrew/.nvm/versions/io.js/v2.1.0/lib/node_modules/npm/node_modules/request/request.js:1167:12)
25 verbose stack     at emitNone (events.js:72:20)
26 verbose statusCode 404
27 verbose pkgid bower-cli
28 verbose cwd /Users/Andrew/Developer/fumc/liftoff
29 error Darwin 14.3.0
30 error argv "/Users/Andrew/.nvm/versions/io.js/v2.1.0/bin/iojs" "/Users/Andrew/.nvm/versions/io.js/v2.1.0/bin/npm" "i" "bower-cli"
31 error node v2.1.0
32 error npm  v2.10.1
33 error code E404
34 error 404 Not Found: bower-cli
34 error 404
34 error 404 'bower-cli' is not in the npm registry.
34 error 404 You should bug the author to publish it (or use the name yourself!)
34 error 404
34 error 404 Note that you can also install from a
34 error 404 tarball, folder, http url, or git url.
35 verbose exit [ 1, true ]
